<?xml version="1.0" encoding="UTF-8"?>
<testsuite xmlns:xsi="http://www.w3.org/2001/XMLSchema-instance" xsi:noNamespaceSchemaLocation="https://maven.apache.org/surefire/maven-surefire-plugin/xsd/surefire-test-report-3.0.xsd" version="3.0" name="com.intuit.challenge.assignment2.EmployeeAnalysisTest" time="0.084" tests="4" errors="0" skipped="0" failures="0">
  <properties>
[...]
</properties>
  <testcase name="testHighSalary" classname="com.intuit.challenge.assignment2.EmployeeAnalysisTest" time="0.032"/>
  <testcase name="testMaxSalary" classname="com.intuit.challenge.assignment2.EmployeeAnalysisTest" time="0.0"/>
  <testcase name="testCountByDept" classname="com.intuit.challenge.assignment2.EmployeeAnalysisTest" time="0.003"/>
  <testcase name="testAverageSalary" classname="com.intuit.challenge.assignment2.EmployeeAnalysisTest" time="0.002"/>
</testsuite>